\BOOKMARK [0][-]{dummy.1}{\376\377\000D\000e\000c\000l\000a\000r\000a\000t\000i\000o\000n\000\040\000o\000f\000\040\000A\000u\000t\000h\000o\000r\000s\000h\000i\000p}{}% 1
\BOOKMARK [0][-]{dummy.2}{\376\377\000A\000b\000s\000t\000r\000a\000c\000t}{}% 2
\BOOKMARK [0][-]{chapter.4}{\376\377\0001\000\040\000I\000n\000t\000r\000o\000d\000u\000c\000t\000i\000o\000n}{}% 3
\BOOKMARK [0][-]{chapter.5}{\376\377\0002\000\040\000B\000a\000c\000k\000g\000r\000o\000u\000n\000d\000\040\000a\000n\000d\000\040\000M\000o\000t\000i\000v\000a\000t\000i\000o\000n}{}% 4
\BOOKMARK [0][-]{chapter.6}{\376\377\0003\000\040\000A\000i\000m\000s\000\040\000a\000n\000d\000\040\000O\000b\000j\000e\000c\000t\000i\000v\000e\000s\000\040\000o\000f\000\040\000t\000h\000i\000s\000\040\000P\000r\000o\000j\000e\000c\000t}{}% 5
\BOOKMARK [1][-]{subsection.7}{\376\377\0003\000.\0000\000.\0001\000\040\000I\000m\000m\000e\000r\000s\000i\000o\000n\000\040\000i\000n\000\040\000v\000i\000r\000t\000u\000a\000l\000\040\000r\000e\000a\000l\000i\000t\000y\000\040\000e\000n\000v\000i\000r\000o\000n\000m\000e\000n\000t\000s\000\040}{chapter.6}% 6
\BOOKMARK [2][-]{subsection.8}{\376\377\0003\000.\0000\000.\0002\000\040\000A\000c\000c\000e\000s\000s\000i\000b\000i\000l\000i\000t\000y\000\040\000i\000n\000\040\000v\000i\000r\000t\000u\000a\000l\000\040\000r\000e\000a\000l\000i\000t\000y}{subsection.7}% 7
\BOOKMARK [2][-]{subsection.9}{\376\377\0003\000.\0000\000.\0003\000\040\000M\000a\000k\000i\000n\000g\000\040\000t\000h\000e\000\040\000p\000r\000o\000j\000e\000c\000t\000\040\000t\000e\000s\000t\000a\000b\000l\000e}{subsection.7}% 8
\BOOKMARK [2][-]{subsection.10}{\376\377\0003\000.\0000\000.\0004\000\040\000R\000i\000s\000k\000\040\000a\000n\000a\000l\000y\000s\000i\000s}{subsection.7}% 9
\BOOKMARK [0][-]{chapter.11}{\376\377\0004\000\040\000L\000i\000t\000e\000r\000a\000t\000u\000r\000e\000\040\000R\000e\000v\000i\000e\000w}{}% 10
\BOOKMARK [1][-]{section.12}{\376\377\0004\000.\0001\000\040\000I\000m\000m\000e\000r\000s\000i\000o\000n}{chapter.11}% 11
\BOOKMARK [2][-]{subsection.13}{\376\377\0004\000.\0001\000.\0001\000\040\000I\000m\000m\000e\000r\000s\000i\000o\000n\000\040\000V\000I\000A\000\040\000I\000n\000t\000e\000r\000a\000c\000t\000i\000o\000n}{section.12}% 12
\BOOKMARK [2][-]{subsection.14}{\376\377\0004\000.\0001\000.\0002\000\040\000I\000m\000m\000e\000r\000s\000i\000o\000n\000\040\000V\000I\000A\000\040\000S\000o\000u\000n\000d}{section.12}% 13
\BOOKMARK [2][-]{subsection.15}{\376\377\0004\000.\0001\000.\0003\000\040\000I\000m\000m\000e\000r\000s\000i\000o\000n\000\040\000V\000I\000A\000\040\000P\000e\000r\000s\000p\000e\000c\000t\000i\000v\000e}{section.12}% 14
\BOOKMARK [1][-]{section.16}{\376\377\0004\000.\0002\000\040\000A\000c\000c\000e\000s\000s\000i\000b\000i\000l\000i\000t\000y}{chapter.11}% 15
\BOOKMARK [1][-]{section.17}{\376\377\0004\000.\0003\000\040\000M\000o\000t\000i\000o\000n\000\040\000s\000i\000c\000k\000n\000e\000s\000s}{chapter.11}% 16
\BOOKMARK [0][-]{chapter.18}{\376\377\0005\000\040\000I\000m\000p\000l\000e\000m\000e\000n\000t\000a\000t\000i\000o\000n}{}% 17
\BOOKMARK [1][-]{subsection.19}{\376\377\0005\000.\0000\000.\0001\000\040\000P\000r\000o\000t\000o\000t\000y\000p\000e\000\040\000D\000e\000v\000e\000l\000o\000p\000m\000e\000n\000t\000\040\000P\000r\000o\000p\000o\000s\000a\000l}{chapter.18}% 18
\BOOKMARK [0][-]{chapter.20}{\376\377\0006\000\040\000R\000e\000q\000u\000i\000r\000e\000m\000e\000n\000t\000s\000\040\000a\000n\000a\000l\000y\000s\000i\000s\000\040\000a\000n\000d\000\040\000f\000e\000a\000s\000i\000b\000i\000l\000i\000t\000y}{}% 19
\BOOKMARK [0][-]{chapter.21}{\376\377\0007\000\040\000M\000e\000t\000h\000o\000d\000o\000l\000o\000g\000y}{}% 20
\BOOKMARK [1][-]{subsection.22}{\376\377\0007\000.\0000\000.\0001\000\040\000I\000n\000t\000e\000r\000a\000c\000t\000i\000o\000n}{chapter.21}% 21
\BOOKMARK [2][-]{subsection.23}{\376\377\0007\000.\0000\000.\0002\000\040\000U\000s\000e\000r\000\040\000T\000e\000s\000t\000i\000n\000g\000\040\000a\000n\000d\000\040\000D\000a\000t\000a\000\040\000P\000r\000o\000c\000e\000s\000s\000i\000n\000g}{subsection.22}% 22
\BOOKMARK [0][-]{chapter.24}{\376\377\0008\000\040\000G\000r\000o\000u\000p\000w\000a\000r\000e\000\040\000T\000o\000o\000l\000s}{}% 23
\BOOKMARK [1][-]{section.25}{\376\377\0008\000.\0001\000\040\000C\000o\000l\000l\000a\000b\000o\000r\000a\000t\000i\000v\000e\000\040\000W\000r\000i\000t\000i\000n\000g\000\040\000T\000o\000o\000l\000s}{chapter.24}% 24
\BOOKMARK [1][-]{section.26}{\376\377\0008\000.\0002\000\040\000P\000r\000o\000j\000e\000c\000t\000\040\000M\000a\000n\000a\000g\000e\000m\000e\000n\000t\000\040\000S\000o\000f\000t\000w\000a\000r\000e}{chapter.24}% 25
\BOOKMARK [2][-]{subsection.27}{\376\377\0008\000.\0002\000.\0001\000\040\000T\000r\000e\000l\000l\000o}{section.26}% 26
\BOOKMARK [2][-]{subsection.28}{\376\377\0008\000.\0002\000.\0002\000\040\000M\000i\000r\000o}{section.26}% 27
\BOOKMARK [0][-]{chapter.29}{\376\377\0009\000\040\000P\000r\000o\000j\000e\000c\000t\000\040\000I\000n\000t\000e\000r\000f\000a\000c\000e\000\040\000A\000n\000d\000\040\000D\000e\000s\000i\000g\000n}{}% 28
\BOOKMARK [0][-]{chapter.30}{\376\377\0001\0000\000\040\000C\000o\000n\000c\000l\000u\000s\000i\000o\000n\000\040\000a\000n\000d\000\040\000f\000u\000t\000u\000r\000e\000\040\000w\000o\000r\000k}{}% 29
\BOOKMARK [0][-]{appendix.31}{\376\377\000A\000\040\000R\000e\000f\000e\000r\000e\000n\000c\000e\000s}{}% 30
\BOOKMARK [0][-]{appendix.32}{\376\377\000B\000\040\000T\000a\000b\000l\000e\000\040\000o\000f\000\040\000f\000i\000g\000u\000r\000e\000s}{}% 31
