Using pre-set license
Built from '2020.3/staging' branch; Version is '2020.3.22f1 (e1a7f79fd887) revision 14788599'; Using compiler version '192528614'; Build Type 'Release'
OS: 'Windows 10 Pro; OS build 19042.1237; Version 2009; 64bit' Language: 'en' Physical Memory: 32716 MB
BatchMode: 1, IsHumanControllingUs: 0, StartBugReporterOnCrash: 0, Is64bit: 1, IsPro: 0

COMMAND LINE ARGUMENTS:
C:\Program Files\Unity\Hub\Editor\2020.3.22f1\Editor\Unity.exe
-adb2
-batchMode
-noUpm
-name
AssetImportWorker0
-projectPath
X:/PolySynthesis---3rd-Year-Group-Project/3rd Year Project Prototype
-logFile
Logs/AssetImportWorker0.log
-srvPort
65282
Successfully changed project path to: X:/PolySynthesis---3rd-Year-Group-Project/3rd Year Project Prototype
X:/PolySynthesis---3rd-Year-Group-Project/3rd Year Project Prototype
Using Asset Import Pipeline V2.
Multiple plugins with the same name 'ovrplugin' (found at 'Assets/Oculus/VR/Plugins/1.66.0/Win64/OVRPlugin.dll' and 'Assets/Oculus/VR/Plugins/1.66.0/Win64OpenXR/OVRPlugin.dll'). That means one or more plugins are set to be compatible with Editor. Only one plugin at the time can be used by Editor.
Multiple plugins with the same name 'ovrplugin' (found at 'Assets/Oculus/VR/Plugins/1.66.0/Win64OpenXR/OVRPlugin.dll' and 'Assets/Oculus/VR/Plugins/1.66.0/Win/OVRPlugin.dll'). That means one or more plugins are set to be compatible with Editor. Only one plugin at the time can be used by Editor.
Refreshing native plugins compatible for Editor in 79.40 ms, found 12 plugins.
Preloading 2 native plugins for Editor in 2.83 ms.
Initialize engine version: 2020.3.22f1 (e1a7f79fd887)
[Subsystems] Discovering subsystems at path C:/Program Files/Unity/Hub/Editor/2020.3.22f1/Editor/Data/Resources/UnitySubsystems
[Subsystems] Discovering subsystems at path X:/PolySynthesis---3rd-Year-Group-Project/3rd Year Project Prototype/Assets
GfxDevice: creating device client; threaded=0
Direct3D:
    Version:  Direct3D 11.0 [level 11.1]
    Renderer: NVIDIA GeForce RTX 2060 (ID=0x1f08)
    Vendor:   
    VRAM:     5980 MB
    Driver:   30.0.14.9676
Shader 'Oculus/OVRMRCameraFrameLit': fallback shader 'Alpha-Diffuse' not found
Initialize mono
Mono path[0] = 'C:/Program Files/Unity/Hub/Editor/2020.3.22f1/Editor/Data/Managed'
Mono path[1] = 'C:/Program Files/Unity/Hub/Editor/2020.3.22f1/Editor/Data/MonoBleedingEdge/lib/mono/unityjit'
Mono config path = 'C:/Program Files/Unity/Hub/Editor/2020.3.22f1/Editor/Data/MonoBleedingEdge/etc'
Using monoOptions --debugger-agent=transport=dt_socket,embedding=1,server=y,suspend=n,address=127.0.0.1:56936
Begin MonoManager ReloadAssembly
Registering precompiled unity dll's ...
Register platform support module: C:/Program Files/Unity/Hub/Editor/2020.3.22f1/Editor/Data/PlaybackEngines/WindowsStandaloneSupport/UnityEditor.WindowsStandalone.Extensions.dll
Registered in 0.001720 seconds.
Native extension for WindowsStandalone target not found
Multiple plugins with the same name 'ovrplugin' (found at 'Assets/Oculus/VR/Plugins/1.66.0/Win64/OVRPlugin.dll' and 'Assets/Oculus/VR/Plugins/1.66.0/Win64OpenXR/OVRPlugin.dll'). That means one or more plugins are set to be compatible with Editor. Only one plugin at the time can be used by Editor.
Multiple plugins with the same name 'ovrplugin' (found at 'Assets/Oculus/VR/Plugins/1.66.0/Win64OpenXR/OVRPlugin.dll' and 'Assets/Oculus/VR/Plugins/1.66.0/Win/OVRPlugin.dll'). That means one or more plugins are set to be compatible with Editor. Only one plugin at the time can be used by Editor.
Refreshing native plugins compatible for Editor in 77.00 ms, found 12 plugins.
Preloading 2 native plugins for Editor in 0.09 ms.
Mono: successfully reloaded assembly
- Completed reload, in  1.521 seconds
Domain Reload Profiling:
	ReloadAssembly (1521ms)
		BeginReloadAssembly (43ms)
			ExecutionOrderSort (0ms)
			DisableScriptedObjects (0ms)
			BackupInstance (0ms)
			ReleaseScriptingObjects (0ms)
			CreateAndSetChildDomain (1ms)
		EndReloadAssembly (405ms)
			LoadAssemblies (42ms)
			RebuildTransferFunctionScriptingTraits (0ms)
			SetupTypeCache (125ms)
			ReleaseScriptCaches (0ms)
			RebuildScriptCaches (23ms)
			SetupLoadedEditorAssemblies (176ms)
				LogAssemblyErrors (0ms)
				InitializePlatformSupportModulesInManaged (3ms)
				SetLoadedEditorAssemblies (0ms)
				RefreshPlugins (77ms)
				BeforeProcessingInitializeOnLoad (10ms)
				ProcessInitializeOnLoadAttributes (64ms)
				ProcessInitializeOnLoadMethodAttributes (21ms)
				AfterProcessingInitializeOnLoad (0ms)
				EditorAssembliesLoaded (0ms)
			ExecutionOrderSort2 (0ms)
			AwakeInstancesAfterBackupRestoration (0ms)
Platform modules already initialized, skipping
Registering precompiled user dll's ...
Registered in 0.007685 seconds.
Begin MonoManager ReloadAssembly
Native extension for WindowsStandalone target not found
Multiple plugins with the same name 'ovrplugin' (found at 'Assets/Oculus/VR/Plugins/1.66.0/Win64/OVRPlugin.dll' and 'Assets/Oculus/VR/Plugins/1.66.0/Win64OpenXR/OVRPlugin.dll'). That means one or more plugins are set to be compatible with Editor. Only one plugin at the time can be used by Editor.
Multiple plugins with the same name 'ovrplugin' (found at 'Assets/Oculus/VR/Plugins/1.66.0/Win64OpenXR/OVRPlugin.dll' and 'Assets/Oculus/VR/Plugins/1.66.0/Win/OVRPlugin.dll'). That means one or more plugins are set to be compatible with Editor. Only one plugin at the time can be used by Editor.
Refreshing native plugins compatible for Editor in 1.05 ms, found 12 plugins.
Preloading 2 native plugins for Editor in 0.09 ms.
[XR] OculusXRPlugin: registering subsystems
[XR] Unable to register display lifecyle provider: [1]
[XR] Oculus Input lifecycle provider registered.
[XR] Unable to register input lifecyle provider: [1]
System.Reflection.TargetInvocationException: Exception has been thrown by the target of an invocation. ---> System.NullReferenceException: Object reference not set to an instance of an object
  at Unity.XR.Oculus.OculusLoader.AssetPathToAbsolutePath (System.String assetPath) [0x00048] in X:\PolySynthesis---3rd-Year-Group-Project\3rd Year Project Prototype\Library\PackageCache\com.unity.xr.oculus@1.10.0\Runtime\OculusLoader.cs:250 
  at Unity.XR.Oculus.OculusLoader.EditorLoadOVRPlugin () [0x0007b] in X:\PolySynthesis---3rd-Year-Group-Project\3rd Year Project Prototype\Library\PackageCache\com.unity.xr.oculus@1.10.0\Runtime\OculusLoader.cs:235 
  at (wrapper managed-to-native) System.Reflection.MonoMethod.InternalInvoke(System.Reflection.MonoMethod,object,object[],System.Exception&)
  at System.Reflection.MonoMethod.Invoke (System.Object obj, System.Reflection.BindingFlags invokeAttr, System.Reflection.Binder binder, System.Object[] parameters, System.Globalization.CultureInfo culture) [0x00032] in <695d1cc93cca45069c528c15c9fdd749>:0 
   --- End of inner exception stack trace ---
  at System.Reflection.MonoMethod.Invoke (System.Object obj, System.Reflection.BindingFlags invokeAttr, System.Reflection.Binder binder, System.Object[] parameters, System.Globalization.CultureInfo culture) [0x00048] in <695d1cc93cca45069c528c15c9fdd749>:0 
  at System.Reflection.MethodBase.Invoke (System.Object obj, System.Object[] parameters) [0x00000] in <695d1cc93cca45069c528c15c9fdd749>:0 
  at UnityEditor.EditorAssemblies.ProcessInitializeOnLoadMethodAttributes () [0x00047] in <2cd7ebc9c2ef4276a8edbc7de85c89ce>:0 
UnityEngine.StackTraceUtility:ExtractStackTrace ()
UnityEngine.DebugLogHandler:LogFormat (UnityEngine.LogType,UnityEngine.Object,string,object[])
UnityEngine.Logger:Log (UnityEngine.LogType,object)
UnityEngine.Debug:LogError (object)
UnityEditor.EditorAssemblies:ProcessInitializeOnLoadMethodAttributes ()

Mono: successfully reloaded assembly
- Completed reload, in  0.926 seconds
Domain Reload Profiling:
	ReloadAssembly (927ms)
		BeginReloadAssembly (120ms)
			ExecutionOrderSort (0ms)
			DisableScriptedObjects (4ms)
			BackupInstance (0ms)
			ReleaseScriptingObjects (0ms)
			CreateAndSetChildDomain (16ms)
		EndReloadAssembly (753ms)
			LoadAssemblies (78ms)
			RebuildTransferFunctionScriptingTraits (0ms)
			SetupTypeCache (246ms)
			ReleaseScriptCaches (1ms)
			RebuildScriptCaches (40ms)
			SetupLoadedEditorAssemblies (305ms)
				LogAssemblyErrors (0ms)
				InitializePlatformSupportModulesInManaged (4ms)
				SetLoadedEditorAssemblies (0ms)
				RefreshPlugins (1ms)
				BeforeProcessingInitializeOnLoad (88ms)
				ProcessInitializeOnLoadAttributes (189ms)
				ProcessInitializeOnLoadMethodAttributes (16ms)
				AfterProcessingInitializeOnLoad (6ms)
				EditorAssembliesLoaded (0ms)
			ExecutionOrderSort2 (0ms)
			AwakeInstancesAfterBackupRestoration (4ms)
Platform modules already initialized, skipping
========================================================================
Worker process is ready to serve import requests
Shader 'Oculus/OVRMRCameraFrameLit': fallback shader 'Alpha-Diffuse' not found
Launched and connected shader compiler UnityShaderCompiler.exe after 0.05 seconds
Multiple plugins with the same name 'ovrplugin' (found at 'Assets/Oculus/VR/Plugins/1.66.0/Win64/OVRPlugin.dll' and 'Assets/Oculus/VR/Plugins/1.66.0/Win64OpenXR/OVRPlugin.dll'). That means one or more plugins are set to be compatible with Editor. Only one plugin at the time can be used by Editor.
Multiple plugins with the same name 'ovrplugin' (found at 'Assets/Oculus/VR/Plugins/1.66.0/Win64OpenXR/OVRPlugin.dll' and 'Assets/Oculus/VR/Plugins/1.66.0/Win/OVRPlugin.dll'). That means one or more plugins are set to be compatible with Editor. Only one plugin at the time can be used by Editor.
Refreshing native plugins compatible for Editor in 1.12 ms, found 12 plugins.
Preloading 2 native plugins for Editor in 0.10 ms.
Unloading 2635 Unused Serialized files (Serialized files now loaded: 0)
System memory in use before: 115.5 MB.
System memory in use after: 115.7 MB.

Unloading 47 unused Assets to reduce memory usage. Loaded Objects now: 3046.
Total: 4.291700 ms (FindLiveObjects: 0.405400 ms CreateObjectMapping: 0.096800 ms MarkObjects: 3.686000 ms  DeleteObjects: 0.102100 ms)

AssetImportParameters requested are different than current active one (requested -> active):
  custom:framework-win-MediaFoundation: 216162199b28c13a410421893ffa2e32 -> 
  custom:video-decoder-ogg-theora: a1e56fd34408186e4bbccfd4996cb3dc -> 
  custom:container-muxer-webm: aa71ff27fc2769a1b78a27578f13a17b -> 
  custom:container-demuxer-webm: 4f35f7cbe854078d1ac9338744f61a02 -> 
  custom:container-demuxer-ogg: 62fdf1f143b41e24485cea50d1cbac27 -> 
  custom:video-encoder-webm-vp8: eb34c28f22e8b96e1ab97ce403110664 -> 
  custom:video-decoder-webm-vp8: 9c59270c3fd7afecdb556c50c9e8de78 -> 
  custom:audio-decoder-ogg-vorbis: bf7c407c2cedff20999df2af8eb42d56 -> 
  custom:audio-encoder-webm-vorbis: bf7c407c2cedff20999df2af8eb42d56 -> 
========================================================================
Received Import Request.
  path: Assets/Tree.prefab
  artifactKey: Guid(e079a57d7954f1f4c896dfd85adb8c13) Importer(815301076,1909f56bfc062723c751e8b465ee728b)
Start importing Assets/Tree.prefab using Guid(e079a57d7954f1f4c896dfd85adb8c13) Importer(815301076,1909f56bfc062723c751e8b465ee728b)  -> (artifact id: '0b4f3b7bc4de479d788e0a0a8316ed30') in 0.615107 seconds 
  Import took 0.619071 seconds .

========================================================================
Received Import Request.
  Time since last request: 19.270729 seconds.
  path: Assets/Tree.prefab
  artifactKey: Guid(e079a57d7954f1f4c896dfd85adb8c13) Importer(815301076,1909f56bfc062723c751e8b465ee728b)
Start importing Assets/Tree.prefab using Guid(e079a57d7954f1f4c896dfd85adb8c13) Importer(815301076,1909f56bfc062723c751e8b465ee728b)  -> (artifact id: '2571c40118c2bef2f7f884129c50c229') in 0.029474 seconds 
  Import took 0.033221 seconds .

========================================================================
Received Import Request.
  Time since last request: 2.185585 seconds.
  path: Assets/Tree.prefab
  artifactKey: Guid(e079a57d7954f1f4c896dfd85adb8c13) Importer(815301076,1909f56bfc062723c751e8b465ee728b)
Start importing Assets/Tree.prefab using Guid(e079a57d7954f1f4c896dfd85adb8c13) Importer(815301076,1909f56bfc062723c751e8b465ee728b)  -> (artifact id: 'aaafa4b603396bbb5483829137264cd8') in 0.024088 seconds 
  Import took 0.027794 seconds .

========================================================================
Received Import Request.
  Time since last request: 4.210972 seconds.
  path: Assets/Tree.prefab
  artifactKey: Guid(e079a57d7954f1f4c896dfd85adb8c13) Importer(815301076,1909f56bfc062723c751e8b465ee728b)
Start importing Assets/Tree.prefab using Guid(e079a57d7954f1f4c896dfd85adb8c13) Importer(815301076,1909f56bfc062723c751e8b465ee728b)  -> (artifact id: '2162691c4cff40698b7a1798d11b1ec7') in 0.025279 seconds 
  Import took 0.029135 seconds .

========================================================================
Received Import Request.
  Time since last request: 1.566373 seconds.
  path: Assets/Tree.prefab
  artifactKey: Guid(e079a57d7954f1f4c896dfd85adb8c13) Importer(815301076,1909f56bfc062723c751e8b465ee728b)
Start importing Assets/Tree.prefab using Guid(e079a57d7954f1f4c896dfd85adb8c13) Importer(815301076,1909f56bfc062723c751e8b465ee728b)  -> (artifact id: '212771cc5b93969376a65d3c075a5cd3') in 0.027440 seconds 
  Import took 0.031284 seconds .

========================================================================
Received Import Request.
  Time since last request: 1.185490 seconds.
  path: Assets/Tree.prefab
  artifactKey: Guid(e079a57d7954f1f4c896dfd85adb8c13) Importer(815301076,1909f56bfc062723c751e8b465ee728b)
Start importing Assets/Tree.prefab using Guid(e079a57d7954f1f4c896dfd85adb8c13) Importer(815301076,1909f56bfc062723c751e8b465ee728b)  -> (artifact id: '30f22612bc6ed25324f0de9235aeaf7e') in 0.058370 seconds 
  Import took 0.062158 seconds .

========================================================================
Received Import Request.
  Time since last request: 3.961483 seconds.
  path: Assets/Tree.prefab
  artifactKey: Guid(e079a57d7954f1f4c896dfd85adb8c13) Importer(815301076,1909f56bfc062723c751e8b465ee728b)
Start importing Assets/Tree.prefab using Guid(e079a57d7954f1f4c896dfd85adb8c13) Importer(815301076,1909f56bfc062723c751e8b465ee728b)  -> (artifact id: '9af61940990c2f381574ab7dbba04497') in 0.026274 seconds 
  Import took 0.029982 seconds .

========================================================================
Received Import Request.
  Time since last request: 4.402572 seconds.
  path: Assets/Tree.prefab
  artifactKey: Guid(e079a57d7954f1f4c896dfd85adb8c13) Importer(815301076,1909f56bfc062723c751e8b465ee728b)
Start importing Assets/Tree.prefab using Guid(e079a57d7954f1f4c896dfd85adb8c13) Importer(815301076,1909f56bfc062723c751e8b465ee728b)  -> (artifact id: '5bcc078154f4cd70fb3c025f0a3b7809') in 0.029383 seconds 
  Import took 0.033226 seconds .

========================================================================
Received Import Request.
  Time since last request: 6.004227 seconds.
  path: Assets/Tree.prefab
  artifactKey: Guid(e079a57d7954f1f4c896dfd85adb8c13) Importer(815301076,1909f56bfc062723c751e8b465ee728b)
Start importing Assets/Tree.prefab using Guid(e079a57d7954f1f4c896dfd85adb8c13) Importer(815301076,1909f56bfc062723c751e8b465ee728b)  -> (artifact id: 'e76335c00c4815914e3bda904fae5927') in 0.030792 seconds 
  Import took 0.034574 seconds .

========================================================================
Received Import Request.
  Time since last request: 1.570652 seconds.
  path: Assets/Tree.prefab
  artifactKey: Guid(e079a57d7954f1f4c896dfd85adb8c13) Importer(815301076,1909f56bfc062723c751e8b465ee728b)
Start importing Assets/Tree.prefab using Guid(e079a57d7954f1f4c896dfd85adb8c13) Importer(815301076,1909f56bfc062723c751e8b465ee728b)  -> (artifact id: '38530a497cb563549d63409dbedcf867') in 0.026860 seconds 
  Import took 0.030576 seconds .

========================================================================
Received Import Request.
  Time since last request: 2.588675 seconds.
  path: Assets/Tree.prefab
  artifactKey: Guid(e079a57d7954f1f4c896dfd85adb8c13) Importer(815301076,1909f56bfc062723c751e8b465ee728b)
Start importing Assets/Tree.prefab using Guid(e079a57d7954f1f4c896dfd85adb8c13) Importer(815301076,1909f56bfc062723c751e8b465ee728b)  -> (artifact id: '7d6ff13cca049a82703eec8b69b3cfe5') in 0.021229 seconds 
  Import took 0.024968 seconds .

========================================================================
Received Import Request.
  Time since last request: 7.014807 seconds.
  path: Assets/Tree.prefab
  artifactKey: Guid(e079a57d7954f1f4c896dfd85adb8c13) Importer(815301076,1909f56bfc062723c751e8b465ee728b)
Start importing Assets/Tree.prefab using Guid(e079a57d7954f1f4c896dfd85adb8c13) Importer(815301076,1909f56bfc062723c751e8b465ee728b)  -> (artifact id: '909c233e8dec3993bca347cfb968d0b0') in 0.028139 seconds 
  Import took 0.031866 seconds .

========================================================================
Received Import Request.
  Time since last request: 1.783250 seconds.
  path: Assets/Tree.prefab
  artifactKey: Guid(e079a57d7954f1f4c896dfd85adb8c13) Importer(815301076,1909f56bfc062723c751e8b465ee728b)
Start importing Assets/Tree.prefab using Guid(e079a57d7954f1f4c896dfd85adb8c13) Importer(815301076,1909f56bfc062723c751e8b465ee728b)  -> (artifact id: '6f09685bd7940f3fd64eeb0e057c3e96') in 0.025661 seconds 
  Import took 0.029527 seconds .

========================================================================
Received Import Request.
  Time since last request: 1.781930 seconds.
  path: Assets/Tree.prefab
  artifactKey: Guid(e079a57d7954f1f4c896dfd85adb8c13) Importer(815301076,1909f56bfc062723c751e8b465ee728b)
Start importing Assets/Tree.prefab using Guid(e079a57d7954f1f4c896dfd85adb8c13) Importer(815301076,1909f56bfc062723c751e8b465ee728b)  -> (artifact id: '753b02ac9989a3f8619065c24dd8088a') in 0.027682 seconds 
  Import took 0.031486 seconds .

========================================================================
Received Import Request.
  Time since last request: 7.614177 seconds.
  path: Assets/Tree.prefab
  artifactKey: Guid(e079a57d7954f1f4c896dfd85adb8c13) Importer(815301076,1909f56bfc062723c751e8b465ee728b)
Start importing Assets/Tree.prefab using Guid(e079a57d7954f1f4c896dfd85adb8c13) Importer(815301076,1909f56bfc062723c751e8b465ee728b)  -> (artifact id: '7c44714828cffb241a004c92107354c6') in 0.029649 seconds 
  Import took 0.033503 seconds .

========================================================================
Received Import Request.
  Time since last request: 1.386440 seconds.
  path: Assets/Tree.prefab
  artifactKey: Guid(e079a57d7954f1f4c896dfd85adb8c13) Importer(815301076,1909f56bfc062723c751e8b465ee728b)
Start importing Assets/Tree.prefab using Guid(e079a57d7954f1f4c896dfd85adb8c13) Importer(815301076,1909f56bfc062723c751e8b465ee728b)  -> (artifact id: '659cbc18dda4b2cecd16b48cedc81fee') in 0.026787 seconds 
  Import took 0.030770 seconds .

========================================================================
Received Import Request.
  Time since last request: 3.990125 seconds.
  path: Assets/Tree.prefab
  artifactKey: Guid(e079a57d7954f1f4c896dfd85adb8c13) Importer(815301076,1909f56bfc062723c751e8b465ee728b)
Start importing Assets/Tree.prefab using Guid(e079a57d7954f1f4c896dfd85adb8c13) Importer(815301076,1909f56bfc062723c751e8b465ee728b)  -> (artifact id: 'c06483162e38ebed39ad11a554729813') in 0.027094 seconds 
  Import took 0.030783 seconds .

========================================================================
Received Import Request.
  Time since last request: 5.610496 seconds.
  path: Assets/Tree.prefab
  artifactKey: Guid(e079a57d7954f1f4c896dfd85adb8c13) Importer(815301076,1909f56bfc062723c751e8b465ee728b)
Start importing Assets/Tree.prefab using Guid(e079a57d7954f1f4c896dfd85adb8c13) Importer(815301076,1909f56bfc062723c751e8b465ee728b)  -> (artifact id: '379aa562a2acbb9dc5e6ca9c396401b6') in 0.030218 seconds 
  Import took 0.033979 seconds .

========================================================================
Received Import Request.
  Time since last request: 3.392639 seconds.
  path: Assets/Tree.prefab
  artifactKey: Guid(e079a57d7954f1f4c896dfd85adb8c13) Importer(815301076,1909f56bfc062723c751e8b465ee728b)
Start importing Assets/Tree.prefab using Guid(e079a57d7954f1f4c896dfd85adb8c13) Importer(815301076,1909f56bfc062723c751e8b465ee728b)  -> (artifact id: '0f22b63e4541befe78a055bbd6e06984') in 0.027810 seconds 
  Import took 0.031612 seconds .

========================================================================
Received Import Request.
  Time since last request: 3.185421 seconds.
  path: Assets/Tree.prefab
  artifactKey: Guid(e079a57d7954f1f4c896dfd85adb8c13) Importer(815301076,1909f56bfc062723c751e8b465ee728b)
Start importing Assets/Tree.prefab using Guid(e079a57d7954f1f4c896dfd85adb8c13) Importer(815301076,1909f56bfc062723c751e8b465ee728b)  -> (artifact id: '974cc70bead55265f255fad06e255bf9') in 0.027069 seconds 
  Import took 0.030808 seconds .

========================================================================
Received Import Request.
  Time since last request: 2.189294 seconds.
  path: Assets/Tree.prefab
  artifactKey: Guid(e079a57d7954f1f4c896dfd85adb8c13) Importer(815301076,1909f56bfc062723c751e8b465ee728b)
Start importing Assets/Tree.prefab using Guid(e079a57d7954f1f4c896dfd85adb8c13) Importer(815301076,1909f56bfc062723c751e8b465ee728b)  -> (artifact id: 'a11dfe7e0e534ec491a9dfb45693e3c1') in 0.029564 seconds 
  Import took 0.033342 seconds .

========================================================================
Received Import Request.
  Time since last request: 6.206315 seconds.
  path: Assets/Tree.prefab
  artifactKey: Guid(e079a57d7954f1f4c896dfd85adb8c13) Importer(815301076,1909f56bfc062723c751e8b465ee728b)
Start importing Assets/Tree.prefab using Guid(e079a57d7954f1f4c896dfd85adb8c13) Importer(815301076,1909f56bfc062723c751e8b465ee728b)  -> (artifact id: '5c192d2642219af0a25b8c7c8be2ef02') in 0.034048 seconds 
  Import took 0.038027 seconds .

========================================================================
Received Import Request.
  Time since last request: 5.789953 seconds.
  path: Assets/Tree.prefab
  artifactKey: Guid(e079a57d7954f1f4c896dfd85adb8c13) Importer(815301076,1909f56bfc062723c751e8b465ee728b)
Start importing Assets/Tree.prefab using Guid(e079a57d7954f1f4c896dfd85adb8c13) Importer(815301076,1909f56bfc062723c751e8b465ee728b)  -> (artifact id: '3ecdeb267165ed919d6ef1b28834e271') in 0.031804 seconds 
  Import took 0.035689 seconds .

========================================================================
Received Import Request.
  Time since last request: 3.795347 seconds.
  path: Assets/Tree.prefab
  artifactKey: Guid(e079a57d7954f1f4c896dfd85adb8c13) Importer(815301076,1909f56bfc062723c751e8b465ee728b)
Start importing Assets/Tree.prefab using Guid(e079a57d7954f1f4c896dfd85adb8c13) Importer(815301076,1909f56bfc062723c751e8b465ee728b)  -> (artifact id: '64e172e49996a6664135c6574f07ad16') in 0.025236 seconds 
  Import took 0.029435 seconds .

========================================================================
Received Import Request.
  Time since last request: 1.588185 seconds.
  path: Assets/Tree.prefab
  artifactKey: Guid(e079a57d7954f1f4c896dfd85adb8c13) Importer(815301076,1909f56bfc062723c751e8b465ee728b)
Start importing Assets/Tree.prefab using Guid(e079a57d7954f1f4c896dfd85adb8c13) Importer(815301076,1909f56bfc062723c751e8b465ee728b)  -> (artifact id: '09df51b899a8975d25fea2194eae4259') in 0.028295 seconds 
  Import took 0.032182 seconds .

========================================================================
Received Import Request.
  Time since last request: 8.428885 seconds.
  path: Assets/Tree.prefab
  artifactKey: Guid(e079a57d7954f1f4c896dfd85adb8c13) Importer(815301076,1909f56bfc062723c751e8b465ee728b)
Start importing Assets/Tree.prefab using Guid(e079a57d7954f1f4c896dfd85adb8c13) Importer(815301076,1909f56bfc062723c751e8b465ee728b)  -> (artifact id: '6fe883797ecd9684fa94d4c50297a175') in 0.057081 seconds 
  Import took 0.060889 seconds .

========================================================================
Received Import Request.
  Time since last request: 2.556540 seconds.
  path: Assets/Tree.prefab
  artifactKey: Guid(e079a57d7954f1f4c896dfd85adb8c13) Importer(815301076,1909f56bfc062723c751e8b465ee728b)
Start importing Assets/Tree.prefab using Guid(e079a57d7954f1f4c896dfd85adb8c13) Importer(815301076,1909f56bfc062723c751e8b465ee728b)  -> (artifact id: '94ddfbd75094a81e33981dbda0080cbf') in 0.029732 seconds 
  Import took 0.033499 seconds .

========================================================================
Received Import Request.
  Time since last request: 3.597625 seconds.
  path: Assets/Tree.prefab
  artifactKey: Guid(e079a57d7954f1f4c896dfd85adb8c13) Importer(815301076,1909f56bfc062723c751e8b465ee728b)
Start importing Assets/Tree.prefab using Guid(e079a57d7954f1f4c896dfd85adb8c13) Importer(815301076,1909f56bfc062723c751e8b465ee728b)  -> (artifact id: '740bf5efa344ffd37515dcab81c4a312') in 0.023483 seconds 
  Import took 0.027181 seconds .

========================================================================
Received Import Request.
  Time since last request: 7.815418 seconds.
  path: Assets/Tree.prefab
  artifactKey: Guid(e079a57d7954f1f4c896dfd85adb8c13) Importer(815301076,1909f56bfc062723c751e8b465ee728b)
Start importing Assets/Tree.prefab using Guid(e079a57d7954f1f4c896dfd85adb8c13) Importer(815301076,1909f56bfc062723c751e8b465ee728b)  -> (artifact id: '636734e504ad8da5ab1fda0bf6901606') in 0.030502 seconds 
  Import took 0.034260 seconds .

========================================================================
Received Import Request.
  Time since last request: 3.597850 seconds.
  path: Assets/Tree.prefab
  artifactKey: Guid(e079a57d7954f1f4c896dfd85adb8c13) Importer(815301076,1909f56bfc062723c751e8b465ee728b)
Start importing Assets/Tree.prefab using Guid(e079a57d7954f1f4c896dfd85adb8c13) Importer(815301076,1909f56bfc062723c751e8b465ee728b)  -> (artifact id: '900f6c7d3dc690af6e00adc5e0663d6e') in 0.032356 seconds 
  Import took 0.036195 seconds .

========================================================================
Received Import Request.
  Time since last request: 4.199999 seconds.
  path: Assets/Tree.prefab
  artifactKey: Guid(e079a57d7954f1f4c896dfd85adb8c13) Importer(815301076,1909f56bfc062723c751e8b465ee728b)
Start importing Assets/Tree.prefab using Guid(e079a57d7954f1f4c896dfd85adb8c13) Importer(815301076,1909f56bfc062723c751e8b465ee728b)  -> (artifact id: '795719685ccc28f15d9480abdfd1e0a4') in 0.022923 seconds 
  Import took 0.026829 seconds .

========================================================================
Received Import Request.
  Time since last request: 4.802160 seconds.
  path: Assets/Tree.prefab
  artifactKey: Guid(e079a57d7954f1f4c896dfd85adb8c13) Importer(815301076,1909f56bfc062723c751e8b465ee728b)
Start importing Assets/Tree.prefab using Guid(e079a57d7954f1f4c896dfd85adb8c13) Importer(815301076,1909f56bfc062723c751e8b465ee728b)  -> (artifact id: '2b6bb41a3a184856a9a4921fc9ee8d74') in 0.027192 seconds 
  Import took 0.030952 seconds .

========================================================================
Received Import Request.
  Time since last request: 4.601111 seconds.
  path: Assets/Tree.prefab
  artifactKey: Guid(e079a57d7954f1f4c896dfd85adb8c13) Importer(815301076,1909f56bfc062723c751e8b465ee728b)
Start importing Assets/Tree.prefab using Guid(e079a57d7954f1f4c896dfd85adb8c13) Importer(815301076,1909f56bfc062723c751e8b465ee728b)  -> (artifact id: '1f320bf7c27c4b5fc799132843950ad6') in 0.026415 seconds 
  Import took 0.030446 seconds .

========================================================================
Received Import Request.
  Time since last request: 3.392423 seconds.
  path: Assets/Tree.prefab
  artifactKey: Guid(e079a57d7954f1f4c896dfd85adb8c13) Importer(815301076,1909f56bfc062723c751e8b465ee728b)
Start importing Assets/Tree.prefab using Guid(e079a57d7954f1f4c896dfd85adb8c13) Importer(815301076,1909f56bfc062723c751e8b465ee728b)  -> (artifact id: 'f95aecb72e211b4030c8dc1f76d5445d') in 0.025540 seconds 
  Import took 0.029323 seconds .

========================================================================
Received Import Request.
  Time since last request: 10.440001 seconds.
  path: Assets/Tree.prefab
  artifactKey: Guid(e079a57d7954f1f4c896dfd85adb8c13) Importer(815301076,1909f56bfc062723c751e8b465ee728b)
Start importing Assets/Tree.prefab using Guid(e079a57d7954f1f4c896dfd85adb8c13) Importer(815301076,1909f56bfc062723c751e8b465ee728b)  -> (artifact id: 'ee108685fbb1400f008de1dc8c42a3d5') in 0.025348 seconds 
  Import took 0.029254 seconds .

========================================================================
Received Import Request.
  Time since last request: 4.004108 seconds.
  path: Assets/Tree.prefab
  artifactKey: Guid(e079a57d7954f1f4c896dfd85adb8c13) Importer(815301076,1909f56bfc062723c751e8b465ee728b)
Start importing Assets/Tree.prefab using Guid(e079a57d7954f1f4c896dfd85adb8c13) Importer(815301076,1909f56bfc062723c751e8b465ee728b)  -> (artifact id: 'c01bb72fed645a5f2d0a194f149445fc') in 0.031250 seconds 
  Import took 0.035133 seconds .

========================================================================
Received Import Request.
  Time since last request: 2.380444 seconds.
  path: Assets/Tree.prefab
  artifactKey: Guid(e079a57d7954f1f4c896dfd85adb8c13) Importer(815301076,1909f56bfc062723c751e8b465ee728b)
Start importing Assets/Tree.prefab using Guid(e079a57d7954f1f4c896dfd85adb8c13) Importer(815301076,1909f56bfc062723c751e8b465ee728b)  -> (artifact id: '053665158c056978cc74484ae3134470') in 0.023749 seconds 
  Import took 0.027494 seconds .

========================================================================
Received Import Request.
  Time since last request: 1.581152 seconds.
  path: Assets/Tree.prefab
  artifactKey: Guid(e079a57d7954f1f4c896dfd85adb8c13) Importer(815301076,1909f56bfc062723c751e8b465ee728b)
Start importing Assets/Tree.prefab using Guid(e079a57d7954f1f4c896dfd85adb8c13) Importer(815301076,1909f56bfc062723c751e8b465ee728b)  -> (artifact id: 'a91802710c733d6f31404f170820b292') in 0.030696 seconds 
  Import took 0.034418 seconds .

========================================================================
Received Import Request.
  Time since last request: 10.835578 seconds.
  path: Assets/Tree.prefab
  artifactKey: Guid(e079a57d7954f1f4c896dfd85adb8c13) Importer(815301076,1909f56bfc062723c751e8b465ee728b)
Start importing Assets/Tree.prefab using Guid(e079a57d7954f1f4c896dfd85adb8c13) Importer(815301076,1909f56bfc062723c751e8b465ee728b)  -> (artifact id: 'e5ae531ef2469170c74f447d571e3416') in 0.025672 seconds 
  Import took 0.029454 seconds .

========================================================================
Received Import Request.
  Time since last request: 1.990276 seconds.
  path: Assets/Tree.prefab
  artifactKey: Guid(e079a57d7954f1f4c896dfd85adb8c13) Importer(815301076,1909f56bfc062723c751e8b465ee728b)
Start importing Assets/Tree.prefab using Guid(e079a57d7954f1f4c896dfd85adb8c13) Importer(815301076,1909f56bfc062723c751e8b465ee728b)  -> (artifact id: '5bdfe731013992c0fbe1ff63912fdc32') in 0.031918 seconds 
  Import took 0.035761 seconds .

========================================================================
Received Import Request.
  Time since last request: 3.992861 seconds.
  path: Assets/Tree.prefab
  artifactKey: Guid(e079a57d7954f1f4c896dfd85adb8c13) Importer(815301076,1909f56bfc062723c751e8b465ee728b)
Start importing Assets/Tree.prefab using Guid(e079a57d7954f1f4c896dfd85adb8c13) Importer(815301076,1909f56bfc062723c751e8b465ee728b)  -> (artifact id: '1433efd18d7741648718cd42ce22fcae') in 0.029890 seconds 
  Import took 0.033592 seconds .

========================================================================
Received Import Request.
  Time since last request: 1.378278 seconds.
  path: Assets/Tree.prefab
  artifactKey: Guid(e079a57d7954f1f4c896dfd85adb8c13) Importer(815301076,1909f56bfc062723c751e8b465ee728b)
Start importing Assets/Tree.prefab using Guid(e079a57d7954f1f4c896dfd85adb8c13) Importer(815301076,1909f56bfc062723c751e8b465ee728b)  -> (artifact id: 'fd26a2163c943d9058689c34a22e86bd') in 0.027300 seconds 
  Import took 0.031112 seconds .

========================================================================
Received Import Request.
  Time since last request: 2.390098 seconds.
  path: Assets/Tree.prefab
  artifactKey: Guid(e079a57d7954f1f4c896dfd85adb8c13) Importer(815301076,1909f56bfc062723c751e8b465ee728b)
Start importing Assets/Tree.prefab using Guid(e079a57d7954f1f4c896dfd85adb8c13) Importer(815301076,1909f56bfc062723c751e8b465ee728b)  -> (artifact id: '8bd39d42c6a452dabbd3c40b39d5a96e') in 0.029471 seconds 
  Import took 0.033316 seconds .

========================================================================
Received Import Request.
  Time since last request: 9.835779 seconds.
  path: Assets/Tree.prefab
  artifactKey: Guid(e079a57d7954f1f4c896dfd85adb8c13) Importer(815301076,1909f56bfc062723c751e8b465ee728b)
Start importing Assets/Tree.prefab using Guid(e079a57d7954f1f4c896dfd85adb8c13) Importer(815301076,1909f56bfc062723c751e8b465ee728b)  -> (artifact id: 'd54aa5050b09839d35d5384ea62a3fee') in 0.023651 seconds 
  Import took 0.027653 seconds .

========================================================================
Received Import Request.
  Time since last request: 21.904822 seconds.
  path: Assets/Scenes
  artifactKey: Guid(c08c0e387f780ca4486d1d1eb70b2bbb) Importer(815301076,1909f56bfc062723c751e8b465ee728b)
Start importing Assets/Scenes using Guid(c08c0e387f780ca4486d1d1eb70b2bbb) Importer(815301076,1909f56bfc062723c751e8b465ee728b)  -> (artifact id: '44a18c964327c4ccc0dd6376d351edcb') in 0.005707 seconds 
  Import took 0.009329 seconds .

========================================================================
Received Import Request.
  Time since last request: 0.897906 seconds.
  path: Assets/Scenes/SampleScene.unity
  artifactKey: Guid(c415afbda563f6f4fb86af5dd7a7013d) Importer(815301076,1909f56bfc062723c751e8b465ee728b)
Start importing Assets/Scenes/SampleScene.unity using Guid(c415afbda563f6f4fb86af5dd7a7013d) Importer(815301076,1909f56bfc062723c751e8b465ee728b)  -> (artifact id: 'c6748e60d95ff453af2f5cd0ec995992') in 0.005809 seconds 
  Import took 0.009394 seconds .

